<?xml version="1.0" encoding="UTF-8"?>
<!-- Generated by org.testng.reporters.JUnitXMLReporter -->
<testsuite ignored="2" hostname="DESKTOP-NUH2GC0" failures="0" tests="0" time="0.016" errors="0" timestamp="2025-09-21T18:21:41 IST">
  <testcase classname="testScript.ManageNewsTest" name="verifyUserCancreatNewManageNews" time="0.0">
    <ignored/>
  </testcase> <!-- verifyUserCancreatNewManageNews -->
  <testcase classname="testScript.ManageNewsTest" name="verifyUserCanEditManagerNews" time="0.0">
    <ignored/>
  </testcase> <!-- verifyUserCanEditManagerNews -->
</testsuite>
