<?xml version="1.0" encoding="UTF-8"?>
<testng-results ignored="0" total="4" passed="4" failed="0" skipped="0">
  <reporter-output>
  </reporter-output>
  <suite started-at="2025-09-10T12:20:25 IST" name="multiBrowserTesting" finished-at="2025-09-10T12:21:03 IST" duration-ms="38362">
    <groups>
    </groups>
    <test started-at="2025-09-10T12:20:25 IST" name="ChromeTest" finished-at="2025-09-10T12:20:52 IST" duration-ms="27235">
      <class name="testScript.ManageNewsTest">
        <test-method is-config="true" signature="initialisebrowser(java.lang.String)[pri:0, instance:testScript.ManageNewsTest@55141def]" started-at="2025-09-10T12:20:25 IST" name="initialisebrowser" finished-at="2025-09-10T12:20:32 IST" duration-ms="7137" status="PASS">
          <params>
            <param index="0">
              <value>
                <![CDATA[chrome]]>
              </value>
            </param>
          </params>
          <reporter-output>
          </reporter-output>
        </test-method> <!-- initialisebrowser -->
        <test-method signature="verifyUserCanEditManagerNews()[pri:0, instance:testScript.ManageNewsTest@55141def]" started-at="2025-09-10T12:20:32 IST" name="verifyUserCanEditManagerNews" finished-at="2025-09-10T12:20:39 IST" duration-ms="7606" status="PASS">
          <reporter-output>
          </reporter-output>
        </test-method> <!-- verifyUserCanEditManagerNews -->
        <test-method is-config="true" signature="browserQuit(org.testng.ITestResult)[pri:0, instance:testScript.ManageNewsTest@55141def]" started-at="2025-09-10T12:20:39 IST" name="browserQuit" finished-at="2025-09-10T12:20:41 IST" duration-ms="1882" status="PASS">
          <params>
            <param index="0">
              <value>
                <![CDATA[[TestResult name=verifyUserCanEditManagerNews status=SUCCESS method=ManageNewsTest.verifyUserCanEditManagerNews()[pri:0, instance:testScript.ManageNewsTest@55141def] output={null}]]]>
              </value>
            </param>
          </params>
          <reporter-output>
          </reporter-output>
        </test-method> <!-- browserQuit -->
        <test-method is-config="true" signature="initialisebrowser(java.lang.String)[pri:0, instance:testScript.ManageNewsTest@55141def]" started-at="2025-09-10T12:20:41 IST" name="initialisebrowser" finished-at="2025-09-10T12:20:47 IST" duration-ms="5989" status="PASS">
          <params>
            <param index="0">
              <value>
                <![CDATA[chrome]]>
              </value>
            </param>
          </params>
          <reporter-output>
          </reporter-output>
        </test-method> <!-- initialisebrowser -->
        <test-method signature="verifyUserCancreatNewManageNews()[pri:0, instance:testScript.ManageNewsTest@55141def]" started-at="2025-09-10T12:20:47 IST" name="verifyUserCancreatNewManageNews" finished-at="2025-09-10T12:20:51 IST" duration-ms="4250" status="PASS">
          <reporter-output>
          </reporter-output>
        </test-method> <!-- verifyUserCancreatNewManageNews -->
        <test-method is-config="true" signature="browserQuit(org.testng.ITestResult)[pri:0, instance:testScript.ManageNewsTest@55141def]" started-at="2025-09-10T12:20:51 IST" name="browserQuit" finished-at="2025-09-10T12:20:52 IST" duration-ms="288" status="PASS">
          <params>
            <param index="0">
              <value>
                <![CDATA[[TestResult name=verifyUserCancreatNewManageNews status=SUCCESS method=ManageNewsTest.verifyUserCancreatNewManageNews()[pri:0, instance:testScript.ManageNewsTest@55141def] output={null}]]]>
              </value>
            </param>
          </params>
          <reporter-output>
          </reporter-output>
        </test-method> <!-- browserQuit -->
      </class> <!-- testScript.ManageNewsTest -->
    </test> <!-- ChromeTest -->
    <test started-at="2025-09-10T12:20:25 IST" name="FirefoxTest" finished-at="2025-09-10T12:21:03 IST" duration-ms="38362">
      <class name="testScript.ManageNewsTest">
        <test-method is-config="true" signature="initialisebrowser(java.lang.String)[pri:0, instance:testScript.ManageNewsTest@2925bf5b]" started-at="2025-09-10T12:20:25 IST" name="initialisebrowser" finished-at="2025-09-10T12:20:43 IST" duration-ms="18045" status="PASS">
          <params>
            <param index="0">
              <value>
                <![CDATA[firefox]]>
              </value>
            </param>
          </params>
          <reporter-output>
          </reporter-output>
        </test-method> <!-- initialisebrowser -->
        <test-method signature="verifyUserCanEditManagerNews()[pri:0, instance:testScript.ManageNewsTest@2925bf5b]" started-at="2025-09-10T12:20:43 IST" name="verifyUserCanEditManagerNews" finished-at="2025-09-10T12:20:47 IST" duration-ms="3885" status="PASS">
          <reporter-output>
          </reporter-output>
        </test-method> <!-- verifyUserCanEditManagerNews -->
        <test-method is-config="true" signature="browserQuit(org.testng.ITestResult)[pri:0, instance:testScript.ManageNewsTest@2925bf5b]" started-at="2025-09-10T12:20:47 IST" name="browserQuit" finished-at="2025-09-10T12:20:49 IST" duration-ms="2325" status="PASS">
          <params>
            <param index="0">
              <value>
                <![CDATA[[TestResult name=verifyUserCanEditManagerNews status=SUCCESS method=ManageNewsTest.verifyUserCanEditManagerNews()[pri:0, instance:testScript.ManageNewsTest@2925bf5b] output={null}]]]>
              </value>
            </param>
          </params>
          <reporter-output>
          </reporter-output>
        </test-method> <!-- browserQuit -->
        <test-method is-config="true" signature="initialisebrowser(java.lang.String)[pri:0, instance:testScript.ManageNewsTest@2925bf5b]" started-at="2025-09-10T12:20:49 IST" name="initialisebrowser" finished-at="2025-09-10T12:20:59 IST" duration-ms="10500" status="PASS">
          <params>
            <param index="0">
              <value>
                <![CDATA[firefox]]>
              </value>
            </param>
          </params>
          <reporter-output>
          </reporter-output>
        </test-method> <!-- initialisebrowser -->
        <test-method signature="verifyUserCancreatNewManageNews()[pri:0, instance:testScript.ManageNewsTest@2925bf5b]" started-at="2025-09-10T12:20:59 IST" name="verifyUserCancreatNewManageNews" finished-at="2025-09-10T12:21:01 IST" duration-ms="2110" status="PASS">
          <reporter-output>
          </reporter-output>
        </test-method> <!-- verifyUserCancreatNewManageNews -->
        <test-method is-config="true" signature="browserQuit(org.testng.ITestResult)[pri:0, instance:testScript.ManageNewsTest@2925bf5b]" started-at="2025-09-10T12:21:02 IST" name="browserQuit" finished-at="2025-09-10T12:21:03 IST" duration-ms="1410" status="PASS">
          <params>
            <param index="0">
              <value>
                <![CDATA[[TestResult name=verifyUserCancreatNewManageNews status=SUCCESS method=ManageNewsTest.verifyUserCancreatNewManageNews()[pri:0, instance:testScript.ManageNewsTest@2925bf5b] output={null}]]]>
              </value>
            </param>
          </params>
          <reporter-output>
          </reporter-output>
        </test-method> <!-- browserQuit -->
      </class> <!-- testScript.ManageNewsTest -->
    </test> <!-- FirefoxTest -->
  </suite> <!-- multiBrowserTesting -->
</testng-results>
