<?xml version="1.0" encoding="UTF-8"?>
<!-- Generated by org.testng.reporters.JUnitXMLReporter -->
<testsuite ignored="3" hostname="DESKTOP-NUH2GC0" failures="0" tests="1" name="Test" time="10.761" errors="0" timestamp="2025-09-10T12:20:13 IST">
  <testcase classname="testScript.LoginTest" name="verifyUserCanLoginWithCorrectUsernameAndPassword" time="3.144"/>
  <testcase classname="testScript.LoginTest" name="verifyUserCanLoginWithInvalidUsernameAndPassword" time="0.0">
    <ignored/>
  </testcase> <!-- verifyUserCanLoginWithInvalidUsernameAndPassword -->
  <testcase classname="testScript.LoginTest" name="verifyUserCanLoginWithcorrectUsernameAndInvalidPassword" time="0.0">
    <ignored/>
  </testcase> <!-- verifyUserCanLoginWithcorrectUsernameAndInvalidPassword -->
  <testcase classname="testScript.LoginTest" name="verifyUserCanLoginWithInvalidUsernameAndcorrectPassword" time="0.0">
    <ignored/>
  </testcase> <!-- verifyUserCanLoginWithInvalidUsernameAndcorrectPassword -->
</testsuite> <!-- Test -->
