<?xml version="1.0" encoding="UTF-8"?>
<!-- Generated by org.testng.reporters.JUnitXMLReporter -->
<testsuite ignored="0" hostname="DESKTOP-NUH2GC0" failures="0" tests="4" name="Test" time="51.158" errors="0" timestamp="2025-09-19T22:19:48 IST">
  <testcase classname="testScript.LoginTest" name="verifyUserCanLoginWithCorrectUsernameAndPassword" time="11.947"/>
  <testcase classname="testScript.LoginTest" name="verifyUserCanLoginWithInvalidUsernameAndPassword" time="1.179"/>
  <testcase classname="testScript.LoginTest" name="verifyUserCanLoginWithInvalidUsernameAndcorrectPassword" time="1.168"/>
  <testcase classname="testScript.LoginTest" name="verifyUserCanLoginWithcorrectUsernameAndInvalidPassword" time="1.123"/>
</testsuite> <!-- Test -->
